0 [4125476608] INFO perfrun.launcher <> - Launcher main begin
1 [4125476608] INFO perfrun.launcher <> - MessageCatalogInit finished
1 [4125476608] INFO perfrun.launcher <> - Launcher instance created
2 [4125476608] INFO perfrun.launcher <> - argc = 6; cmdline = /opt/intel/oneapi/vtune/2024.3/bin32/amplxe-runss -dump-vdso -r /home/anyangyang/study/zerasure/r004mc --tmp-dir /tmp/amplxe-tmp-anyangyang 
48 [4125476608] INFO perfrun.launcher <> - create msngr2::ICliToolContext
48 [4125476608] INFO perfrun.launcher <> - create file finder object
65 [4124863296] INFO perfrun.launcher <> - plugin [remoteplug] was disabled because it doesn't support the given collection type.
65 [4124863296] INFO perfrun.launcher <> - plugin [] was disabled because it doesn't support the given collection type.
65 [4124863296] INFO perfrun.vdso <> - dumping [vdso] pseudomodule
66 [4124863296] INFO perfrun.launcher <> - plugin [] was disabled because it doesn't support the given collection type.
66 [4124863296] INFO perfrun.launcher <> - plugin [] was disabled because it doesn't support the given collection type.
66 [4124863296] INFO perfrun.launcher <> - plugin [] was disabled because it doesn't support the given collection type.
66 [4124863296] INFO perfrun.launcher <> - plugin [] was disabled because it doesn't support the given collection type.
66 [4124863296] INFO perfrun.launcher <> - plugin [] was disabled because it doesn't support the given collection type.
66 [4124863296] INFO perfrun.launcher <> - plugin [] was disabled because it doesn't support the given collection type.
66 [4124863296] INFO perfrun.launcher <> - plugin [] was disabled because it doesn't support the given collection type.
66 [4124863296] INFO perfrun.launcher <> - plugin [] was disabled because it doesn't support the given collection type.
66 [4124863296] INFO perfrun.launcher <> - plugin [] was disabled because it doesn't support the given collection type.
66 [4124863296] INFO perfrun.launcher <> - plugin [] was disabled because it doesn't support the given collection type.
66 [4124863296] INFO perfrun.launcher <> - plugin [] was disabled because it doesn't support the given collection type.
66 [4124863296] INFO perfrun.launcher <> - plugin [] was disabled because it doesn't support the given collection type.
66 [4124863296] INFO perfrun.launcher <> - plugin [] was disabled because it doesn't support the given collection type.
66 [4124863296] INFO perfrun.launcher <> - plugin [] was disabled because it doesn't support the given collection type.
66 [4124863296] INFO perfrun.launcher <> - plugin [] was disabled because it doesn't support the given collection type.
66 [4124863296] INFO perfrun.launcher <> - plugin [] was disabled because it doesn't support the given collection type.
66 [4124863296] INFO perfrun.launcher <> - plugin [] was disabled because it doesn't support the given collection type.
66 [4124863296] INFO perfrun.launcher <> - plugin [] was disabled because it doesn't support the given collection type.
66 [4124863296] INFO perfrun.launcher <> - plugin [] was disabled because it doesn't support the given collection type.
66 [4124863296] INFO perfrun.launcher <> - plugin [] was disabled because it doesn't support the given collection type.
66 [4124863296] INFO perfrun.launcher <> - plugin [] was disabled because it doesn't support the given collection type.
66 [4124863296] INFO perfrun.launcher <> - plugin [] was disabled because it doesn't support the given collection type.
66 [4124863296] INFO perfrun.launcher <> - plugin [] was disabled because it doesn't support the given collection type.
66 [4124863296] INFO perfrun.launcher <> - plugin [] was disabled because it doesn't support the given collection type.
66 [4125476608] INFO perfrun.launcher <> - Application exit code: 0
66 [4125476608] INFO perfrun.launcher <> - Exit code: 0
