2 [140137884698496] INFO perfrun.launcher <> - Launcher main begin
3 [140137884698496] INFO perfrun.launcher <> - MessageCatalogInit finished
3 [140137884698496] INFO perfrun.launcher <> - Launcher instance created
3 [140137884698496] INFO perfrun.launcher <> - argc = 7; cmdline = /opt/intel/oneapi/vtune/2024.3/bin64/amplxe-runss --ui-output-format xml --ui-output-fd 5 --option-file /home/anyangyang/study/zerasure/r005mc/config/runss.options 
88 [140137884698496] INFO perfrun.perfcollector <> - SEP tool path: /opt/intel/oneapi/vtune/2024.3/bin64/sep
97 [140137884698496] INFO perfrun.launcher <> - create msngr2::ICliToolContext
98 [140137884698496] INFO perfrun.launcher <> - create file finder object
98 [140137884698496] INFO perfrun.launcher <> - create a result directory: pattern = /home/anyangyang/study/zerasure/r005mc pid = 4294967295
100 [140137884698496] INFO perfrun.sdk <> - checked that the directory /home/anyangyang/study/zerasure/r005mc is a local directory
101 [140137884698496] INFO perfrun.sdk <> - the directory /home/anyangyang/study/zerasure/r005mc is a local directory with FS type ID 1481003842
101 [140137884698496] INFO perfrun.launcher <> - create data directory = /home/anyangyang/study/zerasure/r005mc/data.0
101 [140137884698496] INFO perfrun.launcher <> - Creating the master collection flag
128 [140137884698496] INFO perfrun.launcher <> - Done creating the master collection flag
139 [140137769576192] INFO perfrun.launcher <> - plugin [remoteplug] was disabled because it doesn't support the given collection type.
140 [140137769576192] INFO perfrun.sdk <> - Allocating TMU :/home/anyangyang/study/zerasure/r005mc/data.0/systemcollector-325811-node2.sc
140 [140137769576192] INFO perfrun.system <> - Tpss based collection
141 [140137769576192] INFO perfrun.launcher <> - plugin [ptracecollector] was disabled because it doesn't support the given collection type.
141 [140137769576192] INFO perfrun.launcher <> - plugin [gpu] was disabled because it doesn't support the given collection type.
141 [140137769576192] INFO perfrun.launcher <> - plugin [] was disabled because it doesn't support the given collection type.
141 [140137769576192] INFO perfrun.launcher <> - plugin [] was disabled because it doesn't support the given collection type.
141 [140137769576192] INFO perfrun.launcher <> - plugin [] was disabled because it doesn't support the given collection type.
141 [140137769576192] INFO perfrun.mrte <> - system-wide mode is 0
141 [140137769576192] INFO perfrun.mrte <> - Getting  mrte profiling environment ...
158 [140137769576192] INFO perfrun.mrte <> - INTEL_MRTE_DATA_DIR=/home/anyangyang/study/zerasure/r005mc/data.0
158 [140137769576192] INFO perfrun.mrte <> - INTEL_MRTE_HOST_NAME=node2
158 [140137769576192] INFO perfrun.mrte <> - JAVA_TOOL_OPTIONS=-agentlib:amplxe_samplingmrte_javaprof_1.0 -Dsun.boot.library.path=/opt/intel/oneapi/vtune/2024.3/lib32/runtime:/opt/intel/oneapi/vtune/2024.3/lib64/runtime
158 [140137769576192] INFO perfrun.mrte <> - LD_LIBRARY_PATH=/opt/intel/oneapi/vtune/2024.3/lib32/runtime:/opt/intel/oneapi/vtune/2024.3/lib64/runtime
158 [140137769576192] INFO perfrun.mrte <> - CORECLR_ENABLE_PROFILING=1
158 [140137769576192] INFO perfrun.mrte <> - CORECLR_PROFILER={AA5E4821-E3B1-479c-B7FF-5AD047D22CED}
158 [140137769576192] INFO perfrun.mrte <> - CORECLR_PROFILER_PATH=/opt/intel/oneapi/vtune/2024.3/lib64/libamplxe_samplingmrte_clrprof_1.0.so
158 [140137769576192] INFO perfrun.mrte <> - INTEL_MRTE_PROFILER_MODE=mixed
158 [140137769576192] INFO perfrun.mrte <> - Data directory: /home/anyangyang/study/zerasure/r005mc/data.0
158 [140137769576192] INFO perfrun.mrte <> - Mrte plugin is initialized
158 [140137769576192] INFO perfrun.launcher <> - plugin [emon] was disabled because it doesn't support the given collection type.
158 [140137769576192] INFO perfrun.launcher <> - plugin [cuscol] was disabled because it doesn't support the given collection type.
158 [140137769576192] INFO perfrun.launcher <> - plugin [stdsrc] was disabled because it doesn't support the given collection type.
158 [140137769576192] INFO perfrun.launcher <> - plugin [sep] was disabled because it doesn't support the given collection type.
158 [140137769576192] INFO perfrun.launcher <> - plugin [vtsspp] was disabled because it doesn't support the given collection type.
158 [140137769576192] INFO perfrun.launcher <> - plugin [perf] was disabled because it doesn't support the given collection type.
158 [140137769576192] INFO perfrun.launcher <> - plugin [aoclprofile] was disabled because it doesn't support the given collection type.
158 [140137769576192] INFO perfrun.tpss <> - initialize tpss controller
158 [140137769576192] INFO perfrun.tpss <> - configure collection mode: value = memory
158 [140137769576192] INFO perfrun.tpss <> - default obj-size-min=1024
158 [140137769576192] INFO perfrun.tpss <> - default hash-table-size=0
158 [140137769576192] INFO perfrun.tpss <> - obj-size-min 32
158 [140137769576192] INFO perfrun.tpss <> - hash-table-size 0
158 [140137769576192] INFO perfrun.launcher <> - plugin [media] was disabled because it doesn't support the given collection type.
158 [140137769576192] INFO perfrun.launcher <> - plugin [] was disabled because it doesn't support the given collection type.
158 [140137769576192] INFO perfrun.launcher <> - plugin [] was disabled because it doesn't support the given collection type.
158 [140137769576192] INFO perfrun.launcher <> - plugin [parallelfs] was disabled because it doesn't support the given collection type.
158 [140137769576192] INFO perfrun.launcher <> - plugin [power] was disabled because it doesn't support the given collection type.
158 [140137769576192] INFO perfrun.launcher <> - plugin [] was disabled because it doesn't support the given collection type.
158 [140137769576192] INFO perfrun.launcher <> - plugin [ipmwatch] was disabled because it doesn't support the given collection type.
158 [140137769576192] INFO perfrun.launcher <> - plugin [os_counters] was disabled because it doesn't support the given collection type.
158 [140137769576192] INFO perfrun.launcher <> - plugin [l0_metrics] was disabled because it doesn't support the given collection type.
158 [140137884698496] INFO perfrun.launcher <> - set environment variable: LD_LIBRARY_PATH = /opt/intel/oneapi/vtune/2024.3/lib32/runtime:/opt/intel/oneapi/vtune/2024.3/lib64/runtime
159 [140137884698496] INFO perfrun.launcher <> - set environment variable: INTEL_LIBITTNOTIFY32 = /opt/intel/oneapi/vtune/2024.3/lib32/runtime/libittnotify_collector.so
159 [140137884698496] INFO perfrun.launcher <> - set environment variable: INTEL_LIBITTNOTIFY64 = /opt/intel/oneapi/vtune/2024.3/lib64/runtime/libittnotify_collector.so
159 [140137884698496] INFO perfrun.launcher <> - set environment variable: INTEL_ITTNOTIFY_GROUPS = 
159 [140137884698496] INFO perfrun.launcher <> - set environment variable: INTEL_JIT_PROFILER32 = /opt/intel/oneapi/vtune/2024.3/lib32/runtime/libittnotify_collector.so
159 [140137884698496] INFO perfrun.launcher <> - set environment variable: INTEL_JIT_PROFILER64 = /opt/intel/oneapi/vtune/2024.3/lib64/runtime/libittnotify_collector.so
159 [140137884698496] INFO perfrun.launcher <> - set environment variable: CCL_ITT_LEVEL = 1
159 [140137884698496] INFO perfrun.launcher <> - set environment variable: ENABLE_JITPROFILING = 1
159 [140137884698496] INFO perfrun.launcher <> - set environment variable: CL_CONFIG_USE_VTUNE = True
159 [140137884698496] INFO perfrun.launcher <> - set environment variable: KMP_FORKJOIN_FRAMES = 0
159 [140137884698496] INFO perfrun.launcher <> - set environment variable: KMP_FORKJOIN_FRAMES_MODE = 0
159 [140137884698496] INFO perfrun.launcher <> - set environment variable: INTEL_MRTE_DATA_DIR = /home/anyangyang/study/zerasure/r005mc/data.0
159 [140137884698496] INFO perfrun.launcher <> - set environment variable: INTEL_MRTE_HOST_NAME = node2
159 [140137884698496] INFO perfrun.launcher <> - set environment variable: JAVA_TOOL_OPTIONS = -agentlib:amplxe_samplingmrte_javaprof_1.0 -Dsun.boot.library.path=/opt/intel/oneapi/vtune/2024.3/lib32/runtime:/opt/intel/oneapi/vtune/2024.3/lib64/runtime
159 [140137884698496] INFO perfrun.launcher <> - set environment variable: LD_LIBRARY_PATH = /opt/intel/oneapi/vtune/2024.3/lib32/runtime:/opt/intel/oneapi/vtune/2024.3/lib64/runtime
159 [140137884698496] INFO perfrun.launcher <> - set environment variable: CORECLR_ENABLE_PROFILING = 1
159 [140137884698496] INFO perfrun.launcher <> - set environment variable: CORECLR_PROFILER = {AA5E4821-E3B1-479c-B7FF-5AD047D22CED}
159 [140137884698496] INFO perfrun.launcher <> - set environment variable: CORECLR_PROFILER_PATH = /opt/intel/oneapi/vtune/2024.3/lib64/libamplxe_samplingmrte_clrprof_1.0.so
159 [140137884698496] INFO perfrun.launcher <> - set environment variable: INTEL_MRTE_PROFILER_MODE = mixed
159 [140137884698496] INFO perfrun.launcher <> - RpcServer: run RPC server to handle requests
160 [140137884698496] INFO perfrun.launcher <> - Launcher: command line to start before modification = ./zerasure 96 3 8 8 1024
160 [140137884698496] INFO perfrun.launcher <> - Launcher: command line to start after modification = /opt/intel/oneapi/vtune/2024.3/bin64/pin -error_file /home/anyangyang/study/zerasure/r005mc/data.0/pinerr.tpsslog -detach_reattach -follow_execv -tool_load_option deepbind -t64 /opt/intel/oneapi/vtune/2024.3/lib64/libtpsstool.so -t /opt/intel/oneapi/vtune/2024.3/lib32/libtpsstool.so -server_name tpss_ipc.325811 -prd_dir /opt/intel/oneapi/vtune/2024.3 -- ./zerasure 96 3 8 8 1024
160 [140137884698496] INFO perfrun.launcher <> - ProcessCreator object was created
161 [140137884698496] INFO perfrun.launcher <> - Launcher: the process was started in suspend mode
171 [140137769576192] WARN perfrun.system <> - Could not do anything with /sys/kernel/debug/kvm: boost::filesystem::status: Permission denied [system:13]: "/sys/kernel/debug/kvm", at file: vcs/perfrun1/plugins/system/src/trace_writer.cpp:787
180 [140137769576192] WARN perfrun.sdk <> - Failed to find xl binary on any of the system paths: /bin, /sbin, /usr/bin, /usr/sbin., at file: vcs/perfrun1/sdk/src/utils.cpp:205
180 [140137769576192] WARN perfrun.system <> - Could not start ContainerMapping collector, at file: vcs/perfrun1/plugins/system/src/controller.cpp:450
304 [140137769576192] INFO perfrun.vdso <> - Helper runtool '/opt/intel/oneapi/vtune/2024.3/bin32/amplxe-runss -dump-vdso -r /home/anyangyang/study/zerasure/r005mc --tmp-dir /tmp/amplxe-tmp-anyangyang' returned 0
439 [140137769576192] INFO perfrun.vdso <> - Helper runtool '/opt/intel/oneapi/vtune/2024.3/bin64/amplxe-runss -dump-vdso -r /home/anyangyang/study/zerasure/r005mc --tmp-dir /tmp/amplxe-tmp-anyangyang' returned 0
439 [140137769576192] INFO perfrun.itt <> - start itt controller for pid #325824
439 [140137769576192] INFO perfrun.tpss <> - start tpss controller for pid #325824
490 [140137884698496] INFO perfrun.launcher <> - Launcher: all plugins were started
490 [140137884698496] INFO perfrun.launcher <> - DirectoryMonitor object was created
490 [140137884698496] INFO perfrun.launcher <> - DirectoryMonitor: a callback was added
490 [140137884698496] INFO perfrun.launcher <> - DirectoryMonitor was started with pingTime = 1000
490 [140137884698496] INFO perfrun.launcher <> - DeadlineTimer is going to be constructed
491 [140137884698496] INFO perfrun.launcher <> - DeadlineTimer: a callback was added
520 [140137884698496] INFO perfrun.launcher <> - Launcher: resume the profiled application and  wait its termination or stop command
3839 [140137884698496] INFO perfrun.launcher <> - Launcher: the profiled application was terminated  with exit code = 0
3848 [140137769576192] INFO perfrun.itt <> - detach itt controller
3848 [140137769576192] INFO perfrun.itt <> - detach itt controller done
3848 [140137769576192] INFO perfrun.tpss <> - stop tpss controller
3849 [140137769576192] INFO perfrun.sdk <> - De-allocating TMU: /home/anyangyang/study/zerasure/r005mc/data.0/systemcollector-325811-node2.sc
3849 [140137769576192] INFO perfrun.system <> - closed the system trace file: /home/anyangyang/study/zerasure/r005mc/data.0/systemcollector-325811-node2.sc
3849 [140137884698496] INFO perfrun.launcher <> - Launcher: all plugins were stopped.
3849 [140137884698496] INFO perfrun.launcher <> - DeadlineTimer is going to be destroyed
3849 [140137884698496] INFO perfrun.launcher <> - DeadlineTimer was destroyed
3849 [140137884698496] INFO perfrun.launcher <> - DirectoryMonitor object was destroyed
3849 [140137884698496] WARN perfrun.launcher <> - Stop command is ignored because it is received when collection is already stopped, at file: vcs/perfrun1/launcher/src/command_handler.cpp:226
3850 [140137884698496] INFO perfrun.launcher <> - Application exit code: 0
3850 [140137884698496] INFO perfrun.launcher <> - Exit code: 0
