0 [4125714176] INFO perfrun.launcher <> - Launcher main begin
2 [4125714176] INFO perfrun.launcher <> - MessageCatalogInit finished
2 [4125714176] INFO perfrun.launcher <> - Launcher instance created
2 [4125714176] INFO perfrun.launcher <> - argc = 6; cmdline = /opt/intel/oneapi/vtune/2024.3/bin32/amplxe-runss -dump-vdso -r /home/anyangyang/study/zerasure/r005mc --tmp-dir /tmp/amplxe-tmp-anyangyang 
48 [4125714176] INFO perfrun.launcher <> - create msngr2::ICliToolContext
48 [4125714176] INFO perfrun.launcher <> - create file finder object
74 [4125100864] INFO perfrun.launcher <> - plugin [remoteplug] was disabled because it doesn't support the given collection type.
74 [4125100864] INFO perfrun.launcher <> - plugin [] was disabled because it doesn't support the given collection type.
74 [4125100864] INFO perfrun.vdso <> - dumping [vdso] pseudomodule
75 [4125100864] INFO perfrun.launcher <> - plugin [] was disabled because it doesn't support the given collection type.
75 [4125100864] INFO perfrun.launcher <> - plugin [] was disabled because it doesn't support the given collection type.
75 [4125100864] INFO perfrun.launcher <> - plugin [] was disabled because it doesn't support the given collection type.
75 [4125100864] INFO perfrun.launcher <> - plugin [] was disabled because it doesn't support the given collection type.
75 [4125100864] INFO perfrun.launcher <> - plugin [] was disabled because it doesn't support the given collection type.
75 [4125100864] INFO perfrun.launcher <> - plugin [] was disabled because it doesn't support the given collection type.
75 [4125100864] INFO perfrun.launcher <> - plugin [] was disabled because it doesn't support the given collection type.
75 [4125100864] INFO perfrun.launcher <> - plugin [] was disabled because it doesn't support the given collection type.
75 [4125100864] INFO perfrun.launcher <> - plugin [] was disabled because it doesn't support the given collection type.
75 [4125100864] INFO perfrun.launcher <> - plugin [] was disabled because it doesn't support the given collection type.
75 [4125100864] INFO perfrun.launcher <> - plugin [] was disabled because it doesn't support the given collection type.
75 [4125100864] INFO perfrun.launcher <> - plugin [] was disabled because it doesn't support the given collection type.
75 [4125100864] INFO perfrun.launcher <> - plugin [] was disabled because it doesn't support the given collection type.
75 [4125100864] INFO perfrun.launcher <> - plugin [] was disabled because it doesn't support the given collection type.
75 [4125100864] INFO perfrun.launcher <> - plugin [] was disabled because it doesn't support the given collection type.
75 [4125100864] INFO perfrun.launcher <> - plugin [] was disabled because it doesn't support the given collection type.
75 [4125100864] INFO perfrun.launcher <> - plugin [] was disabled because it doesn't support the given collection type.
75 [4125100864] INFO perfrun.launcher <> - plugin [] was disabled because it doesn't support the given collection type.
75 [4125100864] INFO perfrun.launcher <> - plugin [] was disabled because it doesn't support the given collection type.
75 [4125100864] INFO perfrun.launcher <> - plugin [] was disabled because it doesn't support the given collection type.
75 [4125100864] INFO perfrun.launcher <> - plugin [] was disabled because it doesn't support the given collection type.
75 [4125100864] INFO perfrun.launcher <> - plugin [] was disabled because it doesn't support the given collection type.
75 [4125100864] INFO perfrun.launcher <> - plugin [] was disabled because it doesn't support the given collection type.
75 [4125100864] INFO perfrun.launcher <> - plugin [] was disabled because it doesn't support the given collection type.
75 [4125714176] INFO perfrun.launcher <> - Application exit code: 0
75 [4125714176] INFO perfrun.launcher <> - Exit code: 0
