2 [139902282426240] INFO perfrun.launcher <> - Launcher main begin
3 [139902282426240] INFO perfrun.launcher <> - MessageCatalogInit finished
3 [139902282426240] INFO perfrun.launcher <> - Launcher instance created
4 [139902282426240] INFO perfrun.launcher <> - argc = 7; cmdline = /opt/intel/oneapi/vtune/2024.3/bin64/amplxe-runss --ui-output-format xml --ui-output-fd 5 --option-file /home/anyangyang/study/zerasure/r003mc/config/runss.options 
90 [139902282426240] INFO perfrun.perfcollector <> - SEP tool path: /opt/intel/oneapi/vtune/2024.3/bin64/sep
101 [139902282426240] INFO perfrun.launcher <> - create msngr2::ICliToolContext
101 [139902282426240] INFO perfrun.launcher <> - create file finder object
102 [139902282426240] INFO perfrun.launcher <> - create a result directory: pattern = /home/anyangyang/study/zerasure/r003mc pid = 4294967295
104 [139902282426240] INFO perfrun.sdk <> - checked that the directory /home/anyangyang/study/zerasure/r003mc is a local directory
104 [139902282426240] INFO perfrun.sdk <> - the directory /home/anyangyang/study/zerasure/r003mc is a local directory with FS type ID 1481003842
105 [139902282426240] INFO perfrun.launcher <> - create data directory = /home/anyangyang/study/zerasure/r003mc/data.0
105 [139902282426240] INFO perfrun.launcher <> - Creating the master collection flag
137 [139902282426240] INFO perfrun.launcher <> - Done creating the master collection flag
150 [139902167303936] INFO perfrun.launcher <> - plugin [remoteplug] was disabled because it doesn't support the given collection type.
151 [139902167303936] INFO perfrun.sdk <> - Allocating TMU :/home/anyangyang/study/zerasure/r003mc/data.0/systemcollector-325452-node2.sc
151 [139902167303936] INFO perfrun.system <> - Tpss based collection
152 [139902167303936] INFO perfrun.launcher <> - plugin [ptracecollector] was disabled because it doesn't support the given collection type.
152 [139902167303936] INFO perfrun.launcher <> - plugin [gpu] was disabled because it doesn't support the given collection type.
152 [139902167303936] INFO perfrun.launcher <> - plugin [] was disabled because it doesn't support the given collection type.
152 [139902167303936] INFO perfrun.launcher <> - plugin [] was disabled because it doesn't support the given collection type.
152 [139902167303936] INFO perfrun.launcher <> - plugin [] was disabled because it doesn't support the given collection type.
152 [139902167303936] INFO perfrun.mrte <> - system-wide mode is 0
152 [139902167303936] INFO perfrun.mrte <> - Getting  mrte profiling environment ...
170 [139902167303936] INFO perfrun.mrte <> - INTEL_MRTE_DATA_DIR=/home/anyangyang/study/zerasure/r003mc/data.0
170 [139902167303936] INFO perfrun.mrte <> - INTEL_MRTE_HOST_NAME=node2
170 [139902167303936] INFO perfrun.mrte <> - JAVA_TOOL_OPTIONS=-agentlib:amplxe_samplingmrte_javaprof_1.0 -Dsun.boot.library.path=/opt/intel/oneapi/vtune/2024.3/lib32/runtime:/opt/intel/oneapi/vtune/2024.3/lib64/runtime
170 [139902167303936] INFO perfrun.mrte <> - LD_LIBRARY_PATH=/opt/intel/oneapi/vtune/2024.3/lib32/runtime:/opt/intel/oneapi/vtune/2024.3/lib64/runtime
170 [139902167303936] INFO perfrun.mrte <> - CORECLR_ENABLE_PROFILING=1
170 [139902167303936] INFO perfrun.mrte <> - CORECLR_PROFILER={AA5E4821-E3B1-479c-B7FF-5AD047D22CED}
170 [139902167303936] INFO perfrun.mrte <> - CORECLR_PROFILER_PATH=/opt/intel/oneapi/vtune/2024.3/lib64/libamplxe_samplingmrte_clrprof_1.0.so
170 [139902167303936] INFO perfrun.mrte <> - INTEL_MRTE_PROFILER_MODE=mixed
170 [139902167303936] INFO perfrun.mrte <> - Data directory: /home/anyangyang/study/zerasure/r003mc/data.0
170 [139902167303936] INFO perfrun.mrte <> - Mrte plugin is initialized
170 [139902167303936] INFO perfrun.launcher <> - plugin [emon] was disabled because it doesn't support the given collection type.
170 [139902167303936] INFO perfrun.launcher <> - plugin [cuscol] was disabled because it doesn't support the given collection type.
170 [139902167303936] INFO perfrun.launcher <> - plugin [stdsrc] was disabled because it doesn't support the given collection type.
170 [139902167303936] INFO perfrun.launcher <> - plugin [sep] was disabled because it doesn't support the given collection type.
170 [139902167303936] INFO perfrun.launcher <> - plugin [vtsspp] was disabled because it doesn't support the given collection type.
170 [139902167303936] INFO perfrun.launcher <> - plugin [perf] was disabled because it doesn't support the given collection type.
170 [139902167303936] INFO perfrun.launcher <> - plugin [aoclprofile] was disabled because it doesn't support the given collection type.
170 [139902167303936] INFO perfrun.tpss <> - initialize tpss controller
170 [139902167303936] INFO perfrun.tpss <> - configure collection mode: value = memory
170 [139902167303936] INFO perfrun.tpss <> - default obj-size-min=1024
170 [139902167303936] INFO perfrun.tpss <> - default hash-table-size=0
170 [139902167303936] INFO perfrun.tpss <> - obj-size-min 32
170 [139902167303936] INFO perfrun.tpss <> - hash-table-size 0
170 [139902167303936] INFO perfrun.launcher <> - plugin [media] was disabled because it doesn't support the given collection type.
171 [139902167303936] INFO perfrun.launcher <> - plugin [] was disabled because it doesn't support the given collection type.
171 [139902167303936] INFO perfrun.launcher <> - plugin [] was disabled because it doesn't support the given collection type.
171 [139902167303936] INFO perfrun.launcher <> - plugin [parallelfs] was disabled because it doesn't support the given collection type.
171 [139902167303936] INFO perfrun.launcher <> - plugin [power] was disabled because it doesn't support the given collection type.
171 [139902167303936] INFO perfrun.launcher <> - plugin [] was disabled because it doesn't support the given collection type.
171 [139902167303936] INFO perfrun.launcher <> - plugin [ipmwatch] was disabled because it doesn't support the given collection type.
171 [139902167303936] INFO perfrun.launcher <> - plugin [os_counters] was disabled because it doesn't support the given collection type.
171 [139902167303936] INFO perfrun.launcher <> - plugin [l0_metrics] was disabled because it doesn't support the given collection type.
171 [139902282426240] INFO perfrun.launcher <> - set environment variable: LD_LIBRARY_PATH = /opt/intel/oneapi/vtune/2024.3/lib32/runtime:/opt/intel/oneapi/vtune/2024.3/lib64/runtime
171 [139902282426240] INFO perfrun.launcher <> - set environment variable: INTEL_LIBITTNOTIFY32 = /opt/intel/oneapi/vtune/2024.3/lib32/runtime/libittnotify_collector.so
171 [139902282426240] INFO perfrun.launcher <> - set environment variable: INTEL_LIBITTNOTIFY64 = /opt/intel/oneapi/vtune/2024.3/lib64/runtime/libittnotify_collector.so
171 [139902282426240] INFO perfrun.launcher <> - set environment variable: INTEL_ITTNOTIFY_GROUPS = 
171 [139902282426240] INFO perfrun.launcher <> - set environment variable: INTEL_JIT_PROFILER32 = /opt/intel/oneapi/vtune/2024.3/lib32/runtime/libittnotify_collector.so
171 [139902282426240] INFO perfrun.launcher <> - set environment variable: INTEL_JIT_PROFILER64 = /opt/intel/oneapi/vtune/2024.3/lib64/runtime/libittnotify_collector.so
171 [139902282426240] INFO perfrun.launcher <> - set environment variable: CCL_ITT_LEVEL = 1
171 [139902282426240] INFO perfrun.launcher <> - set environment variable: ENABLE_JITPROFILING = 1
171 [139902282426240] INFO perfrun.launcher <> - set environment variable: CL_CONFIG_USE_VTUNE = True
171 [139902282426240] INFO perfrun.launcher <> - set environment variable: KMP_FORKJOIN_FRAMES = 0
171 [139902282426240] INFO perfrun.launcher <> - set environment variable: KMP_FORKJOIN_FRAMES_MODE = 0
171 [139902282426240] INFO perfrun.launcher <> - set environment variable: INTEL_MRTE_DATA_DIR = /home/anyangyang/study/zerasure/r003mc/data.0
171 [139902282426240] INFO perfrun.launcher <> - set environment variable: INTEL_MRTE_HOST_NAME = node2
171 [139902282426240] INFO perfrun.launcher <> - set environment variable: JAVA_TOOL_OPTIONS = -agentlib:amplxe_samplingmrte_javaprof_1.0 -Dsun.boot.library.path=/opt/intel/oneapi/vtune/2024.3/lib32/runtime:/opt/intel/oneapi/vtune/2024.3/lib64/runtime
172 [139902282426240] INFO perfrun.launcher <> - set environment variable: LD_LIBRARY_PATH = /opt/intel/oneapi/vtune/2024.3/lib32/runtime:/opt/intel/oneapi/vtune/2024.3/lib64/runtime
172 [139902282426240] INFO perfrun.launcher <> - set environment variable: CORECLR_ENABLE_PROFILING = 1
172 [139902282426240] INFO perfrun.launcher <> - set environment variable: CORECLR_PROFILER = {AA5E4821-E3B1-479c-B7FF-5AD047D22CED}
172 [139902282426240] INFO perfrun.launcher <> - set environment variable: CORECLR_PROFILER_PATH = /opt/intel/oneapi/vtune/2024.3/lib64/libamplxe_samplingmrte_clrprof_1.0.so
172 [139902282426240] INFO perfrun.launcher <> - set environment variable: INTEL_MRTE_PROFILER_MODE = mixed
172 [139902282426240] INFO perfrun.launcher <> - RpcServer: run RPC server to handle requests
172 [139902282426240] INFO perfrun.launcher <> - Launcher: command line to start before modification = ./zerasure 6 2 8 1 1024
172 [139902282426240] INFO perfrun.launcher <> - Launcher: command line to start after modification = /opt/intel/oneapi/vtune/2024.3/bin64/pin -error_file /home/anyangyang/study/zerasure/r003mc/data.0/pinerr.tpsslog -detach_reattach -follow_execv -tool_load_option deepbind -t64 /opt/intel/oneapi/vtune/2024.3/lib64/libtpsstool.so -t /opt/intel/oneapi/vtune/2024.3/lib32/libtpsstool.so -server_name tpss_ipc.325452 -prd_dir /opt/intel/oneapi/vtune/2024.3 -- ./zerasure 6 2 8 1 1024
173 [139902282426240] INFO perfrun.launcher <> - ProcessCreator object was created
173 [139902282426240] INFO perfrun.launcher <> - Launcher: the process was started in suspend mode
184 [139902167303936] WARN perfrun.system <> - Could not do anything with /sys/kernel/debug/kvm: boost::filesystem::status: Permission denied [system:13]: "/sys/kernel/debug/kvm", at file: vcs/perfrun1/plugins/system/src/trace_writer.cpp:787
194 [139902167303936] WARN perfrun.sdk <> - Failed to find xl binary on any of the system paths: /bin, /sbin, /usr/bin, /usr/sbin., at file: vcs/perfrun1/sdk/src/utils.cpp:205
194 [139902167303936] WARN perfrun.system <> - Could not start ContainerMapping collector, at file: vcs/perfrun1/plugins/system/src/controller.cpp:450
323 [139902167303936] INFO perfrun.vdso <> - Helper runtool '/opt/intel/oneapi/vtune/2024.3/bin32/amplxe-runss -dump-vdso -r /home/anyangyang/study/zerasure/r003mc --tmp-dir /tmp/amplxe-tmp-anyangyang' returned 0
466 [139902167303936] INFO perfrun.vdso <> - Helper runtool '/opt/intel/oneapi/vtune/2024.3/bin64/amplxe-runss -dump-vdso -r /home/anyangyang/study/zerasure/r003mc --tmp-dir /tmp/amplxe-tmp-anyangyang' returned 0
466 [139902167303936] INFO perfrun.itt <> - start itt controller for pid #325468
466 [139902167303936] INFO perfrun.tpss <> - start tpss controller for pid #325468
517 [139902282426240] INFO perfrun.launcher <> - Launcher: all plugins were started
517 [139902282426240] INFO perfrun.launcher <> - DirectoryMonitor object was created
517 [139902282426240] INFO perfrun.launcher <> - DirectoryMonitor: a callback was added
517 [139902282426240] INFO perfrun.launcher <> - DirectoryMonitor was started with pingTime = 1000
517 [139902282426240] INFO perfrun.launcher <> - DeadlineTimer is going to be constructed
517 [139902282426240] INFO perfrun.launcher <> - DeadlineTimer: a callback was added
538 [139902282426240] INFO perfrun.launcher <> - Launcher: resume the profiled application and  wait its termination or stop command
1747 [139902282426240] INFO perfrun.launcher <> - Launcher: the profiled application was terminated  with exit code = 0
1756 [139902167303936] INFO perfrun.itt <> - detach itt controller
1756 [139902167303936] INFO perfrun.itt <> - detach itt controller done
1756 [139902167303936] INFO perfrun.tpss <> - stop tpss controller
1757 [139902167303936] INFO perfrun.sdk <> - De-allocating TMU: /home/anyangyang/study/zerasure/r003mc/data.0/systemcollector-325452-node2.sc
1757 [139902167303936] INFO perfrun.system <> - closed the system trace file: /home/anyangyang/study/zerasure/r003mc/data.0/systemcollector-325452-node2.sc
1757 [139902282426240] INFO perfrun.launcher <> - Launcher: all plugins were stopped.
1757 [139902282426240] INFO perfrun.launcher <> - DeadlineTimer is going to be destroyed
1757 [139902282426240] INFO perfrun.launcher <> - DeadlineTimer was destroyed
1757 [139902282426240] INFO perfrun.launcher <> - DirectoryMonitor object was destroyed
1757 [139902282426240] WARN perfrun.launcher <> - Stop command is ignored because it is received when collection is already stopped, at file: vcs/perfrun1/launcher/src/command_handler.cpp:226
1758 [139902282426240] INFO perfrun.launcher <> - Application exit code: 0
1758 [139902282426240] INFO perfrun.launcher <> - Exit code: 0
